[2026-06-04T13:24:03.883Z] Chiletrabajos apply: https://www.chiletrabajos.cl/trabajo/postular/3843128
[2026-06-04T13:24:08.236Z] paused: Empresa multinacional - Analista de activos de tecnología (unknown question: Indique sus pretensiones de renta Indique sus pretensiones de renta 0/255)
[2026-06-04T13:24:08.426Z] Chiletrabajos apply: https://www.chiletrabajos.cl/trabajo/postular/3816582
[2026-06-04T13:24:10.713Z] Chiletrabajos apply: https://www.chiletrabajos.cl/trabajo/postular/3815766
[2026-06-04T13:24:18.732Z] submitted: Confidencial - Operador Mesa de Ayuda (confirmation/redirect)
[2026-06-04T13:24:18.838Z] Chiletrabajos apply: https://www.chiletrabajos.cl/trabajo/postular/3815831
[2026-06-04T13:24:26.323Z] submitted: Importante Empresa Constructora - Analista Soporte TI (confirmation/redirect)
[2026-06-04T13:24:44.174Z] Chiletrabajos apply: https://www.chiletrabajos.cl/trabajo/postular/3843128
[2026-06-04T13:24:52.138Z] submitted: Empresa multinacional - Analista de activos de tecnología (confirmation/redirect)
[2026-06-04T13:25:03.249Z] Chiletrabajos apply: https://www.chiletrabajos.cl/trabajo/postular/3837584
[2026-06-04T13:25:08.023Z] paused: Grupo Avanza - Soporte Mesa de Ayuda Nivel 1- Santiago (unknown question: Indique sistemas SAP con los que ha trabajado Indique sistemas SAP con los que ha trabajado 0/255)
[2026-06-04T13:25:08.135Z] Chiletrabajos apply: https://www.chiletrabajos.cl/trabajo/postular/3804283
[2026-06-04T13:25:15.985Z] submitted: Tecnología - Consultor Mesa de Ayuda (confirmation/redirect)
[2026-06-04T13:33:16.521Z] Chiletrabajos apply: https://www.chiletrabajos.cl/trabajo/postular/3837584
[2026-06-04T13:33:24.643Z] submitted: Grupo Avanza - Soporte Mesa de Ayuda Nivel 1- Santiago (confirmation/redirect)
[2026-06-04T13:33:24.761Z] Chiletrabajos apply: https://www.chiletrabajos.cl/trabajo/postular/3840246
[2026-06-04T13:45:02.302Z] Chiletrabajos apply: https://www.chiletrabajos.cl/trabajo/postular/3790678
[2026-06-04T13:45:10.441Z] submitted: Chiletrabajos - Programador Analista de software (confirmation/redirect)
[2026-06-04T14:05:45.510Z] Chiletrabajos apply: https://www.chiletrabajos.cl/trabajo/postular/3085357
[2026-06-04T14:05:53.966Z] submitted: Haibu Solutions - Ingeniero PMO con experiencia en desarrollo Python (confirmation/redirect)
[2026-06-04T14:07:24.781Z] Chiletrabajos apply: https://www.chiletrabajos.cl/trabajo/postular/3817570
[2026-06-04T14:07:27.668Z] Chiletrabajos apply: https://www.chiletrabajos.cl/trabajo/postular/3815451
[2026-06-04T14:07:31.984Z] paused: Technology Solutions - Analista QA Automatizador (unknown question: Indique número y correo actualizados. Indique número y correo actualizados. 0/255)
[2026-06-04T14:11:46.687Z] Chiletrabajos apply: https://www.chiletrabajos.cl/trabajo/postular/3815451
[2026-06-04T14:11:51.151Z] paused: Technology Solutions - Analista QA Automatizador (unknown question: Indique las principales funciones realizadas en automatización. Indique las principales funciones realizadas en automatización. 0/255)
[2026-06-04T14:12:17.768Z] Chiletrabajos apply: https://www.chiletrabajos.cl/trabajo/postular/3815451
[2026-06-04T14:12:22.328Z] paused: Technology Solutions - Analista QA Automatizador (unknown question: Indique nivel de manejo en Selenium. Indique nivel de manejo en Selenium. 0/255)
[2026-06-04T14:12:42.423Z] Chiletrabajos apply: https://www.chiletrabajos.cl/trabajo/postular/3815451
[2026-06-04T14:12:50.477Z] submitted: Technology Solutions - Analista QA Automatizador (confirmation/redirect)
