[2026-06-04T13:32:06.759Z] LinkedIn URL apply: https://cl.linkedin.com/jobs/view/4390073180
[2026-06-04T13:32:11.945Z] skipped:  este cargo (jd blocker)
[2026-06-04T13:32:11.946Z] LinkedIn URL apply: https://cl.linkedin.com/jobs/view/4411797379
[2026-06-04T13:32:20.931Z] paused:  este cargo (modal not found after opening)
[2026-06-04T13:32:20.932Z] LinkedIn URL apply: https://cl.linkedin.com/jobs/view/4423970369
[2026-06-04T13:32:25.990Z] skipped:  este cargo (jd blocker)
[2026-06-04T13:32:25.990Z] LinkedIn URL apply: https://cl.linkedin.com/jobs/view/4423021554
[2026-06-04T13:32:35.141Z] paused:  este cargo (modal not found after opening)
[2026-06-04T13:32:35.142Z] LinkedIn URL apply: https://cl.linkedin.com/jobs/view/4424003971
[2026-06-04T13:32:44.923Z] paused:  este cargo (modal not found after opening)
[2026-06-04T13:39:52.846Z] LinkedIn URL apply: https://www.linkedin.com/jobs/view/junior-software-engineer-remote-at-joblet-ai-4405232670
[2026-06-04T13:39:59.134Z] skipped:  este cargo (closed)
[2026-06-04T13:39:59.135Z] LinkedIn URL apply: https://www.linkedin.com/jobs/view/junior-java-developer-remote-work-at-bairesdev-4407197978
[2026-06-04T13:40:05.356Z] skipped:  este cargo (closed)
[2026-06-04T13:40:05.357Z] LinkedIn URL apply: https://www.linkedin.com/jobs/view/desarrollador-junior-net-trabajo-remoto-at-bairesdev-4368028503
[2026-06-04T13:40:11.465Z] skipped:  este cargo (closed)
[2026-06-04T15:07:15.205Z] LinkedIn URL apply: https://cl.linkedin.com/jobs/view/junior-tester-remote-work-ref%23284253-at-bairesdev-4258059709
[2026-06-04T15:07:24.298Z] paused:  este cargo (modal not found after opening)
[2026-06-04T17:22:04.900Z] LinkedIn URL apply: https://www.linkedin.com/jobs/view/4424425648/
[2026-06-04T17:22:20.621Z] paused:  este cargo (hard-stop modal)
[2026-06-04T18:04:33.713Z] LinkedIn URL apply: https://www.linkedin.com/jobs/view/4420736757/
[2026-06-04T18:04:49.217Z] paused:  este cargo (hard-stop modal)
[2026-06-04T18:04:49.218Z] LinkedIn URL apply: https://www.linkedin.com/jobs/view/4420734836/
[2026-06-04T18:05:04.263Z] paused:  este cargo (hard-stop modal)
[2026-06-04T18:05:04.264Z] LinkedIn URL apply: https://www.linkedin.com/jobs/view/4420128951/
[2026-06-04T18:05:19.596Z] paused:  este cargo (hard-stop modal)
[2026-06-04T18:05:19.597Z] LinkedIn URL apply: https://www.linkedin.com/jobs/view/4419206222/
[2026-06-04T18:05:35.463Z] paused:  este cargo (hard-stop modal)
[2026-06-04T18:05:35.463Z] LinkedIn URL apply: https://www.linkedin.com/jobs/view/4420728989/
[2026-06-04T18:05:48.408Z] paused:  este cargo (modal not found after opening)
[2026-06-04T18:05:48.409Z] LinkedIn URL apply: https://www.linkedin.com/jobs/view/4423539267/
[2026-06-04T18:06:03.797Z] paused:  este cargo (hard-stop modal)
[2026-06-04T18:09:07.324Z] LinkedIn URL apply: https://www.linkedin.com/jobs/view/4420728989/
[2026-06-04T18:09:16.806Z] paused:  este cargo (modal not found after opening)
[2026-06-04T18:09:16.807Z] LinkedIn URL apply: https://www.linkedin.com/jobs/view/4412099927/
[2026-06-04T18:09:46.037Z] paused:  este cargo (max steps)
[2026-06-04T18:09:46.038Z] LinkedIn URL apply: https://www.linkedin.com/jobs/view/4419206222/
[2026-06-04T18:09:55.039Z] paused:  este cargo (modal not found after opening)
[2026-06-04T18:09:55.039Z] LinkedIn URL apply: https://www.linkedin.com/jobs/view/4420736757/
[2026-06-04T18:10:05.545Z] skipped:  este cargo (no easy apply)
[2026-06-04T18:10:05.546Z] LinkedIn URL apply: https://www.linkedin.com/jobs/view/4420734836/
[2026-06-04T18:10:28.498Z] submitted:  este cargo (ok)
[2026-06-04T18:10:28.498Z] LinkedIn URL apply: https://www.linkedin.com/jobs/view/4420128951/
[2026-06-04T18:10:38.612Z] paused:  este cargo (modal not found after opening)
[2026-06-04T18:10:38.612Z] LinkedIn URL apply: https://www.linkedin.com/jobs/view/4412147075/
[2026-06-04T18:10:59.593Z] submitted:  este cargo (ok)
[2026-06-04T18:17:56.019Z] LinkedIn URL apply: https://www.linkedin.com/jobs/view/4422951951/
[2026-06-04T18:18:10.936Z] paused:  este cargo (1 required empty)
[2026-06-04T18:18:10.937Z] LinkedIn URL apply: https://www.linkedin.com/jobs/view/4422432170/
[2026-06-04T18:18:42.828Z] submitted:  este cargo (ok)
[2026-06-04T18:18:42.828Z] LinkedIn URL apply: https://www.linkedin.com/jobs/view/4421218446/
[2026-06-04T18:19:09.473Z] paused:  este cargo (max steps)
[2026-06-04T18:19:09.474Z] LinkedIn URL apply: https://www.linkedin.com/jobs/view/4423540254/
[2026-06-04T18:19:24.092Z] paused:  este cargo (hard-stop modal)
[2026-06-04T18:25:24.855Z] LinkedIn URL apply: https://www.linkedin.com/jobs/view/4423525738/
[2026-06-04T18:25:38.240Z] submitted:  este cargo (ok)
[2026-06-04T18:27:50.361Z] LinkedIn URL apply: https://www.linkedin.com/jobs/view/4410816204/
[2026-06-04T18:28:15.401Z] paused:  este cargo (max steps)
[2026-06-04T18:30:38.454Z] LinkedIn URL apply: https://www.linkedin.com/jobs/view/4424425898/
[2026-06-04T18:31:02.759Z] paused:  este cargo (max steps)
[2026-06-04T18:34:21.004Z] LinkedIn URL apply: https://www.linkedin.com/jobs/view/4424431997/
[2026-06-04T18:34:39.977Z] submitted:  este cargo (ok)
[2026-06-04T18:37:50.422Z] LinkedIn URL apply: https://www.linkedin.com/jobs/view/4424258448/
[2026-06-04T18:38:04.073Z] paused:  este cargo (1 required empty)
[2026-06-04T18:41:14.896Z] LinkedIn URL apply: https://www.linkedin.com/jobs/view/4420742233/
[2026-06-04T18:41:29.118Z] submitted:  este cargo (ok)
[2026-06-05T14:17:53.428Z] LinkedIn URL apply: https://cl.linkedin.com/jobs/view/desarrollador-a-junior-backend-java-at-accenture-chile-4401177550
[2026-06-05T14:17:57.782Z] skipped:  Desarrollador/a Junior Backend Java (closed)
[2026-06-05T14:17:57.783Z] LinkedIn URL apply: https://cl.linkedin.com/jobs/view/dise%C3%B1ador-web-programador-junior-at-santo-tom%C3%A1s-4040933292
[2026-06-05T14:18:02.087Z] skipped:  Diseñador Web/Programador Junior (closed)
